[2026-01-08 13:18:13,676] 1025httpx- INFO - HTTP Request: GET https://dagshub.com/api/v1/user "HTTP/1.1 200 OK"
[2026-01-08 13:18:13,679] 107dagshub- INFO - Accessing as biradarsomesh52
[2026-01-08 13:18:14,516] 1025httpx- INFO - HTTP Request: GET https://dagshub.com/api/v1/repos/biradarsomesh52/Network_Security "HTTP/1.1 200 OK"
[2026-01-08 13:18:15,235] 1025httpx- INFO - HTTP Request: GET https://dagshub.com/api/v1/user "HTTP/1.1 200 OK"
[2026-01-08 13:18:15,236] 107dagshub- INFO - Initialized MLflow to track repo "biradarsomesh52/Network_Security"
[2026-01-08 13:18:15,237] 107dagshub- INFO - Repository biradarsomesh52/Network_Security initialized!
[2026-01-08 13:20:21,420] 31root- INFO - start data ingestion
[2026-01-08 13:20:25,768] 61root- INFO - Performed train test split on the dataframe
[2026-01-08 13:20:25,769] 62root- INFO - Exited split_data_as_train_test method of DataIngestion class
[2026-01-08 13:20:25,769] 65root- INFO - Exporting train and test file path.
[2026-01-08 13:20:25,809] 75root- INFO - Exported train and test file path.
[2026-01-08 13:20:25,810] 34root- INFO - Data Ingestion completed and arifactDataIngestionArtifact(trained_file_path='Artifacts\\01_08_26_13_18_11\\data_ingestion\\ingested\\train.csv', test_file_path='Artifacts\\01_08_26_13_18_11\\data_ingestion\\ingested\\test.csv')
[2026-01-08 13:20:25,815] 43root- INFO - Intiate the data validation
[2026-01-08 13:20:25,853] 32root- INFO - required number of columns:2
[2026-01-08 13:20:25,853] 33root- INFO - Data frame has columns:Index(['having_IP_Address', 'URL_Length', 'Shortining_Service',
       'having_At_Symbol', 'double_slash_redirecting', 'Prefix_Suffix',
       'having_Sub_Domain', 'SSLfinal_State', 'Domain_registeration_length',
       'Favicon', 'port', 'HTTPS_token', 'Request_URL', 'URL_of_Anchor',
       'Links_in_tags', 'SFH', 'Submitting_to_email', 'Abnormal_URL',
       'Redirect', 'on_mouseover', 'RightClick', 'popUpWidnow', 'Iframe',
       'age_of_domain', 'DNSRecord', 'web_traffic', 'Page_Rank',
       'Google_Index', 'Links_pointing_to_page', 'Statistical_report',
       'Result'],
      dtype='object')
[2026-01-08 13:20:25,853] 32root- INFO - required number of columns:2
[2026-01-08 13:20:25,854] 33root- INFO - Data frame has columns:Index(['having_IP_Address', 'URL_Length', 'Shortining_Service',
       'having_At_Symbol', 'double_slash_redirecting', 'Prefix_Suffix',
       'having_Sub_Domain', 'SSLfinal_State', 'Domain_registeration_length',
       'Favicon', 'port', 'HTTPS_token', 'Request_URL', 'URL_of_Anchor',
       'Links_in_tags', 'SFH', 'Submitting_to_email', 'Abnormal_URL',
       'Redirect', 'on_mouseover', 'RightClick', 'popUpWidnow', 'Iframe',
       'age_of_domain', 'DNSRecord', 'web_traffic', 'Page_Rank',
       'Google_Index', 'Links_pointing_to_page', 'Statistical_report',
       'Result'],
      dtype='object')
[2026-01-08 13:20:25,974] 52root- INFO - data Transformation started
[2026-01-08 13:20:25,974] 45root- INFO - Entered intiate_data_transformation method of DataTransformation class
[2026-01-08 13:20:25,974] 47root- INFO - Starting data transformation
[2026-01-08 13:20:25,988] 33root- INFO - Entered get_data_transformer_object method of DataTransformation clas
[2026-01-08 13:20:25,988] 36root- INFO - Intialise KNNImputer with {'missing_values': nan, 'n_neighbors': 3, 'weights': 'uniform'}
[2026-01-08 13:20:25,995] 45root- INFO - Entered the save_object method of MainUtils class
[2026-01-08 13:20:25,997] 50root- INFO - Exited the save_object method of MainUtils class
[2026-01-08 13:20:25,997] 45root- INFO - Entered the save_object method of MainUtils class
[2026-01-08 13:20:25,998] 50root- INFO - Exited the save_object method of MainUtils class
[2026-01-08 13:20:25,999] 62root- INFO - Model Training started
[2026-01-08 13:22:09,849] 56root- INFO - Entered the load_object method of MainUtils class
[2026-01-08 13:22:09,858] 45root- INFO - Entered the save_object method of MainUtils class
[2026-01-08 13:22:09,859] 50root- INFO - Exited the save_object method of MainUtils class
[2026-01-08 13:22:09,859] 45root- INFO - Entered the save_object method of MainUtils class
[2026-01-08 13:22:09,884] 50root- INFO - Exited the save_object method of MainUtils class
[2026-01-08 13:22:09,885] 129root- INFO - Model trainer artifact: ModelTrainerArtifact(trained_model_file_path='Artifacts\\01_08_26_13_18_11\\model_trainer\\trained_model\\model.pkl', train_metric_artifact=ClassificationMetricArtifact(f1_score=0.9912606730286289, precision_score=0.9899678972712681, recall_score=0.9925568296117482), test_metric_artifact=ClassificationMetricArtifact(f1_score=0.9731543624161074, precision_score=0.9682804674457429, recall_score=0.9780775716694773))
