[2026-01-07 11:23:23,190] 17root- INFO - Intiate the data ingestion
[2026-01-07 11:23:27,828] 61root- INFO - Performed train test split on the dataframe
[2026-01-07 11:23:27,830] 62root- INFO - Exited split_data_as_train_test method of DataIngestion class
[2026-01-07 11:23:27,830] 65root- INFO - Exporting train and test file path.
[2026-01-07 11:23:27,868] 75root- INFO - Exported train and test file path.
[2026-01-07 11:23:27,868] 19root- INFO - data ingestion is completed
[2026-01-07 11:23:27,885] 24root- INFO - Intiate the data validation
[2026-01-07 11:23:27,922] 32root- INFO - required number of columns:2
[2026-01-07 11:23:27,923] 33root- INFO - Data frame has columns:Index(['having_IP_Address', 'URL_Length', 'Shortining_Service',
       'having_At_Symbol', 'double_slash_redirecting', 'Prefix_Suffix',
       'having_Sub_Domain', 'SSLfinal_State', 'Domain_registeration_length',
       'Favicon', 'port', 'HTTPS_token', 'Request_URL', 'URL_of_Anchor',
       'Links_in_tags', 'SFH', 'Submitting_to_email', 'Abnormal_URL',
       'Redirect', 'on_mouseover', 'RightClick', 'popUpWidnow', 'Iframe',
       'age_of_domain', 'DNSRecord', 'web_traffic', 'Page_Rank',
       'Google_Index', 'Links_pointing_to_page', 'Statistical_report',
       'Result'],
      dtype='object')
[2026-01-07 11:23:27,923] 32root- INFO - required number of columns:2
[2026-01-07 11:23:27,923] 33root- INFO - Data frame has columns:Index(['having_IP_Address', 'URL_Length', 'Shortining_Service',
       'having_At_Symbol', 'double_slash_redirecting', 'Prefix_Suffix',
       'having_Sub_Domain', 'SSLfinal_State', 'Domain_registeration_length',
       'Favicon', 'port', 'HTTPS_token', 'Request_URL', 'URL_of_Anchor',
       'Links_in_tags', 'SFH', 'Submitting_to_email', 'Abnormal_URL',
       'Redirect', 'on_mouseover', 'RightClick', 'popUpWidnow', 'Iframe',
       'age_of_domain', 'DNSRecord', 'web_traffic', 'Page_Rank',
       'Google_Index', 'Links_pointing_to_page', 'Statistical_report',
       'Result'],
      dtype='object')
[2026-01-07 11:23:28,023] 26root- INFO - data validation completed
[2026-01-07 11:23:28,023] 30root- INFO - data Transformation started
[2026-01-07 11:23:28,024] 45root- INFO - Entered intiate_data_transformation method of DataTransformation class
[2026-01-07 11:23:28,024] 47root- INFO - Starting data transformation
[2026-01-07 11:23:28,039] 33root- INFO - Entered get_data_transformer_object method of DataTransformation clas
[2026-01-07 11:23:28,039] 36root- INFO - Intialise KNNImputer with {'missing_values': nan, 'n_neighbors': 3, 'weights': 'uniform'}
[2026-01-07 11:23:28,045] 45root- INFO - Entered the save_object method of MainUtils class
[2026-01-07 11:23:28,047] 50root- INFO - Exited the save_object method of MainUtils class
[2026-01-07 11:23:28,048] 34root- INFO - data transformation completed
[2026-01-07 11:23:28,048] 36root- INFO - Model Training started
[2026-01-07 11:24:41,339] 56root- INFO - Entered the load_object method of MainUtils class
[2026-01-07 11:24:41,347] 45root- INFO - Entered the save_object method of MainUtils class
[2026-01-07 11:24:41,347] 50root- INFO - Exited the save_object method of MainUtils class
[2026-01-07 11:24:41,348] 121root- INFO - Model trainer artifact: ModelTrainerArtifact(trained_model_file_path='Artifacts\\01_07_26_11_23_16\\model_trainer\\trained_model\\model.pkl', train_metric_artifact=ClassificationMetricArtifact(f1_score=0.9910587279008332, precision_score=0.9898518368175361, recall_score=0.9922685656154628), test_metric_artifact=ClassificationMetricArtifact(f1_score=0.9758842443729904, precision_score=0.9743178170144462, recall_score=0.9774557165861514))
[2026-01-07 11:24:41,348] 40root- INFO - Model Training Completed
